<?xml version="1.0" encoding="UTF-8"?>
<testsuite xmlns:xsi="http://www.w3.org/2001/XMLSchema-instance" xsi:noNamespaceSchemaLocation="https://maven.apache.org/surefire/maven-surefire-plugin/xsd/surefire-test-report.xsd" name="com.fitzgerald.StayPriceCalculatorTest" time="0.206" tests="13" errors="0" skipped="0" failures="0">
  <properties>
[...]
</properties>
  <testcase name="veteranDiscount_Test" classname="com.fitzgerald.StayPriceCalculatorTest" time="0.072"/>
  <testcase name="adult_nightsLowerBoundary_Test" classname="com.fitzgerald.StayPriceCalculatorTest" time="0"/>
  <testcase name="negativeAge_InvalidTest" classname="com.fitzgerald.StayPriceCalculatorTest" time="0.015"/>
  <testcase name="invalidNights_Test" classname="com.fitzgerald.StayPriceCalculatorTest" time="0.002"/>
  <testcase name="noDiscount_Test" classname="com.fitzgerald.StayPriceCalculatorTest" time="0.002"/>
  <testcase name="applySeniorDiscount_Test" classname="com.fitzgerald.StayPriceCalculatorTest" time="0.001"/>
  <testcase name="child_nightsLowerBoundary_Test" classname="com.fitzgerald.StayPriceCalculatorTest" time="0.002"/>
  <testcase name="bothARResdentAndVeteran_Test" classname="com.fitzgerald.StayPriceCalculatorTest" time="0"/>
  <testcase name="child_nightsUpperBoundary_Test" classname="com.fitzgerald.StayPriceCalculatorTest" time="0.003"/>
  <testcase name="arResidentDiscount_Test" classname="com.fitzgerald.StayPriceCalculatorTest" time="0.002"/>
  <testcase name="applycChildDiscount_Test" classname="com.fitzgerald.StayPriceCalculatorTest" time="0.001"/>
  <testcase name="fullPrice_Test" classname="com.fitzgerald.StayPriceCalculatorTest" time="0.002"/>
  <testcase name="senior_nightBoundary_Test" classname="com.fitzgerald.StayPriceCalculatorTest" time="0.001"/>
</testsuite>